2018-06-14 15:48:26 [scrapy.utils.log] INFO: Scrapy 1.5.0 started (bot: tianyacha)
2018-06-14 15:48:26 [scrapy.utils.log] INFO: Versions: lxml 4.1.1.0, libxml2 2.9.5, cssselect 1.0.1, parsel 1.4.0, w3lib 1.19.0, Twisted 17.9.0, Python 3.6.1 (v3.6.1:69c0db5, Mar 21 2017, 17:54:52) [MSC v.1900 32 bit (Intel)], pyOpenSSL 17.5.0 (OpenSSL 1.1.0g  2 Nov 2017), cryptography 2.2, Platform Windows-7-6.1.7601-SP1
2018-06-14 15:48:26 [scrapy.crawler] INFO: Overridden settings: {'BOT_NAME': 'tianyacha', 'DOWNLOAD_DELAY': 3, 'LOG_FILE': 'tianyanchaSpider.log', 'NEWSPIDER_MODULE': 'tianyacha.spiders', 'SPIDER_MODULES': ['tianyacha.spiders'], 'USER_AGENT': ['Mozilla/5.0 (compatible; MSIE 9.0; Windows NT 6.1; Trident/5.0', 'Mozilla/4.0 (compatible; MSIE 8.0; Windows NT 6.0; Trident/4.0)', 'Mozilla/5.0 (Macintosh; Intel Mac OS X 10.6; rv:2.0.1) Gecko/20100101 Firefox/4.0.', 'Mozilla/5.0 (Windows NT 6.1; rv:2.0.1) Gecko/20100101 Firefox/4.0.1', 'Opera/9.80 (Windows NT 6.1; U; en) Presto/2.8.131 Version/11.11', 'Mozilla/4.0 (compatible; MSIE 7.0; Windows NT 5.1; Maxthon 2.0)', 'Mozilla/4.0 (compatible; MSIE 7.0; Windows NT 5.1; Trident/4.0; SE 2.X MetaSr 1.0; SE 2.X MetaSr 1.0; .NET CLR 2.0.50727; SE 2.X MetaSr 1.0)']}
2018-06-14 15:48:26 [scrapy.middleware] INFO: Enabled extensions:
['scrapy.extensions.corestats.CoreStats',
 'scrapy.extensions.telnet.TelnetConsole',
 'scrapy.extensions.logstats.LogStats']
2018-06-14 15:48:28 [scrapy.middleware] INFO: Enabled downloader middlewares:
['tianyacha.middlewares.RandomUserAgent',
 'tianyacha.middlewares.RandomIpProxy',
 'scrapy.downloadermiddlewares.httpauth.HttpAuthMiddleware',
 'scrapy.downloadermiddlewares.downloadtimeout.DownloadTimeoutMiddleware',
 'scrapy.downloadermiddlewares.defaultheaders.DefaultHeadersMiddleware',
 'scrapy.downloadermiddlewares.useragent.UserAgentMiddleware',
 'scrapy.downloadermiddlewares.retry.RetryMiddleware',
 'scrapy.downloadermiddlewares.redirect.MetaRefreshMiddleware',
 'scrapy.downloadermiddlewares.httpcompression.HttpCompressionMiddleware',
 'scrapy.downloadermiddlewares.redirect.RedirectMiddleware',
 'scrapy.downloadermiddlewares.cookies.CookiesMiddleware',
 'scrapy.downloadermiddlewares.httpproxy.HttpProxyMiddleware',
 'scrapy.downloadermiddlewares.stats.DownloaderStats']
2018-06-14 15:48:28 [scrapy.middleware] INFO: Enabled spider middlewares:
['scrapy.spidermiddlewares.httperror.HttpErrorMiddleware',
 'scrapy.spidermiddlewares.offsite.OffsiteMiddleware',
 'scrapy.spidermiddlewares.referer.RefererMiddleware',
 'scrapy.spidermiddlewares.urllength.UrlLengthMiddleware',
 'scrapy.spidermiddlewares.depth.DepthMiddleware']
2018-06-14 15:48:28 [scrapy.middleware] INFO: Enabled item pipelines:
['tianyacha.pipelines.TianyachaPipeline']
2018-06-14 15:48:28 [scrapy.core.engine] INFO: Spider opened
2018-06-14 15:48:28 [scrapy.extensions.logstats] INFO: Crawled 0 pages (at 0 pages/min), scraped 0 items (at 0 items/min)
2018-06-14 15:48:28 [py.warnings] WARNING: D:\Python\lib\site-packages\scrapy\spidermiddlewares\offsite.py:59: URLWarning: allowed_domains accepts only domains, not URLs. Ignoring URL entry https://bj.tianyancha.com in allowed_domains.
  warnings.warn("allowed_domains accepts only domains, not URLs. Ignoring URL entry %s in allowed_domains." % domain, URLWarning)

2018-06-14 15:48:28 [scrapy.extensions.telnet] DEBUG: Telnet console listening on 127.0.0.1:6023
2018-06-14 15:48:38 [scrapy.downloadermiddlewares.retry] DEBUG: Retrying <GET http://bj.tianyancha.com/search?key=%E5%8C%97%E4%BA%AC%E5%AE%9C%E4%BF%A1%E8%87%B4%E8%AF%9A> (failed 1 times): Connection was refused by other side: 10061: 由于目标计算机积极拒绝，无法连接。.
2018-06-14 15:48:39 [scrapy.downloadermiddlewares.retry] DEBUG: Retrying <GET http://bj.tianyancha.com/search?key=%E5%8C%97%E4%BA%AC%E5%AE%9C%E4%BF%A1%E8%87%B4%E8%AF%9A> (failed 2 times): Connection was refused by other side: 10061: 由于目标计算机积极拒绝，无法连接。.
2018-06-14 15:49:02 [scrapy.downloadermiddlewares.retry] DEBUG: Gave up retrying <GET http://bj.tianyancha.com/search?key=%E5%8C%97%E4%BA%AC%E5%AE%9C%E4%BF%A1%E8%87%B4%E8%AF%9A> (failed 3 times): TCP connection timed out: 10060: 由于连接方在一段时间后没有正确答复或连接的主机没有反应，连接尝试失败。.
2018-06-14 15:49:23 [scrapy.downloadermiddlewares.retry] DEBUG: Gave up retrying <GET http://bj.tianyancha.com/search?key=%E5%8C%97%E4%BA%AC%E5%AE%9C%E4%BF%A1%E8%87%B4%E8%AF%9A> (failed 3 times): TCP connection timed out: 10060: 由于连接方在一段时间后没有正确答复或连接的主机没有反应，连接尝试失败。.
2018-06-14 15:49:28 [scrapy.extensions.logstats] INFO: Crawled 0 pages (at 0 pages/min), scraped 0 items (at 0 items/min)
2018-06-14 15:49:45 [scrapy.downloadermiddlewares.retry] DEBUG: Gave up retrying <GET http://bj.tianyancha.com/search?key=%E5%8C%97%E4%BA%AC%E5%AE%9C%E4%BF%A1%E8%87%B4%E8%AF%9A> (failed 3 times): TCP connection timed out: 10060: 由于连接方在一段时间后没有正确答复或连接的主机没有反应，连接尝试失败。.
2018-06-14 15:50:06 [scrapy.downloadermiddlewares.retry] DEBUG: Gave up retrying <GET http://bj.tianyancha.com/search?key=%E5%8C%97%E4%BA%AC%E5%AE%9C%E4%BF%A1%E8%87%B4%E8%AF%9A> (failed 3 times): TCP connection timed out: 10060: 由于连接方在一段时间后没有正确答复或连接的主机没有反应，连接尝试失败。.
2018-06-14 15:50:07 [scrapy.downloadermiddlewares.retry] DEBUG: Gave up retrying <GET http://bj.tianyancha.com/search?key=%E5%8C%97%E4%BA%AC%E5%AE%9C%E4%BF%A1%E8%87%B4%E8%AF%9A> (failed 3 times): Connection was refused by other side: 10061: 由于目标计算机积极拒绝，无法连接。.
2018-06-14 15:50:11 [scrapy.downloadermiddlewares.retry] DEBUG: Gave up retrying <GET http://bj.tianyancha.com/search?key=%E5%8C%97%E4%BA%AC%E5%AE%9C%E4%BF%A1%E8%87%B4%E8%AF%9A> (failed 3 times): Connection was refused by other side: 10061: 由于目标计算机积极拒绝，无法连接。.
2018-06-14 15:50:28 [scrapy.extensions.logstats] INFO: Crawled 0 pages (at 0 pages/min), scraped 0 items (at 0 items/min)
2018-06-14 15:50:33 [scrapy.downloadermiddlewares.retry] DEBUG: Gave up retrying <GET http://bj.tianyancha.com/search?key=%E5%8C%97%E4%BA%AC%E5%AE%9C%E4%BF%A1%E8%87%B4%E8%AF%9A> (failed 3 times): TCP connection timed out: 10060: 由于连接方在一段时间后没有正确答复或连接的主机没有反应，连接尝试失败。.
2018-06-14 15:50:34 [scrapy.downloadermiddlewares.retry] DEBUG: Gave up retrying <GET http://bj.tianyancha.com/search?key=%E5%8C%97%E4%BA%AC%E5%AE%9C%E4%BF%A1%E8%87%B4%E8%AF%9A> (failed 3 times): Connection was refused by other side: 10061: 由于目标计算机积极拒绝，无法连接。.
2018-06-14 15:50:38 [scrapy.downloadermiddlewares.retry] DEBUG: Gave up retrying <GET http://bj.tianyancha.com/search?key=%E5%8C%97%E4%BA%AC%E5%AE%9C%E4%BF%A1%E8%87%B4%E8%AF%9A> (failed 3 times): Connection was refused by other side: 10061: 由于目标计算机积极拒绝，无法连接。.
2018-06-14 15:54:29 [scrapy.utils.log] INFO: Scrapy 1.5.0 started (bot: tianyacha)
2018-06-14 15:54:29 [scrapy.utils.log] INFO: Versions: lxml 4.1.1.0, libxml2 2.9.5, cssselect 1.0.1, parsel 1.4.0, w3lib 1.19.0, Twisted 17.9.0, Python 3.6.1 (v3.6.1:69c0db5, Mar 21 2017, 17:54:52) [MSC v.1900 32 bit (Intel)], pyOpenSSL 17.5.0 (OpenSSL 1.1.0g  2 Nov 2017), cryptography 2.2, Platform Windows-7-6.1.7601-SP1
2018-06-14 15:54:29 [scrapy.crawler] INFO: Overridden settings: {'BOT_NAME': 'tianyacha', 'DOWNLOAD_DELAY': 3, 'LOG_FILE': 'tianyanchaSpider.log', 'NEWSPIDER_MODULE': 'tianyacha.spiders', 'SPIDER_MODULES': ['tianyacha.spiders'], 'USER_AGENT': ['Mozilla/5.0 (compatible; MSIE 9.0; Windows NT 6.1; Trident/5.0', 'Mozilla/4.0 (compatible; MSIE 8.0; Windows NT 6.0; Trident/4.0)', 'Mozilla/5.0 (Macintosh; Intel Mac OS X 10.6; rv:2.0.1) Gecko/20100101 Firefox/4.0.', 'Mozilla/5.0 (Windows NT 6.1; rv:2.0.1) Gecko/20100101 Firefox/4.0.1', 'Opera/9.80 (Windows NT 6.1; U; en) Presto/2.8.131 Version/11.11', 'Mozilla/4.0 (compatible; MSIE 7.0; Windows NT 5.1; Maxthon 2.0)', 'Mozilla/4.0 (compatible; MSIE 7.0; Windows NT 5.1; Trident/4.0; SE 2.X MetaSr 1.0; SE 2.X MetaSr 1.0; .NET CLR 2.0.50727; SE 2.X MetaSr 1.0)']}
2018-06-14 15:54:29 [scrapy.middleware] INFO: Enabled extensions:
['scrapy.extensions.corestats.CoreStats',
 'scrapy.extensions.telnet.TelnetConsole',
 'scrapy.extensions.logstats.LogStats']
2018-06-14 15:54:30 [scrapy.middleware] INFO: Enabled downloader middlewares:
['tianyacha.middlewares.RandomUserAgent',
 'tianyacha.middlewares.RandomIpProxy',
 'scrapy.downloadermiddlewares.httpauth.HttpAuthMiddleware',
 'scrapy.downloadermiddlewares.downloadtimeout.DownloadTimeoutMiddleware',
 'scrapy.downloadermiddlewares.defaultheaders.DefaultHeadersMiddleware',
 'scrapy.downloadermiddlewares.useragent.UserAgentMiddleware',
 'scrapy.downloadermiddlewares.retry.RetryMiddleware',
 'scrapy.downloadermiddlewares.redirect.MetaRefreshMiddleware',
 'scrapy.downloadermiddlewares.httpcompression.HttpCompressionMiddleware',
 'scrapy.downloadermiddlewares.redirect.RedirectMiddleware',
 'scrapy.downloadermiddlewares.cookies.CookiesMiddleware',
 'scrapy.downloadermiddlewares.httpproxy.HttpProxyMiddleware',
 'scrapy.downloadermiddlewares.stats.DownloaderStats']
2018-06-14 15:54:30 [scrapy.middleware] INFO: Enabled spider middlewares:
['scrapy.spidermiddlewares.httperror.HttpErrorMiddleware',
 'scrapy.spidermiddlewares.offsite.OffsiteMiddleware',
 'scrapy.spidermiddlewares.referer.RefererMiddleware',
 'scrapy.spidermiddlewares.urllength.UrlLengthMiddleware',
 'scrapy.spidermiddlewares.depth.DepthMiddleware']
2018-06-14 15:54:30 [scrapy.middleware] INFO: Enabled item pipelines:
['tianyacha.pipelines.TianyachaPipeline']
2018-06-14 15:54:30 [scrapy.core.engine] INFO: Spider opened
2018-06-14 15:54:30 [scrapy.extensions.logstats] INFO: Crawled 0 pages (at 0 pages/min), scraped 0 items (at 0 items/min)
2018-06-14 15:54:30 [py.warnings] WARNING: D:\Python\lib\site-packages\scrapy\spidermiddlewares\offsite.py:59: URLWarning: allowed_domains accepts only domains, not URLs. Ignoring URL entry https://bj.tianyancha.com in allowed_domains.
  warnings.warn("allowed_domains accepts only domains, not URLs. Ignoring URL entry %s in allowed_domains." % domain, URLWarning)

2018-06-14 15:54:30 [scrapy.extensions.telnet] DEBUG: Telnet console listening on 127.0.0.1:6023
2018-06-14 15:54:51 [scrapy.downloadermiddlewares.retry] DEBUG: Retrying <GET http://bj.tianyancha.com/search?key=%E5%AE%9C%E4%BF%A1%E8%87%B4%E8%AF%9A> (failed 1 times): TCP connection timed out: 10060: 由于连接方在一段时间后没有正确答复或连接的主机没有反应，连接尝试失败。.
2018-06-14 15:56:04 [scrapy.utils.log] INFO: Scrapy 1.5.0 started (bot: tianyacha)
2018-06-14 15:56:04 [scrapy.utils.log] INFO: Versions: lxml 4.1.1.0, libxml2 2.9.5, cssselect 1.0.1, parsel 1.4.0, w3lib 1.19.0, Twisted 17.9.0, Python 3.6.1 (v3.6.1:69c0db5, Mar 21 2017, 17:54:52) [MSC v.1900 32 bit (Intel)], pyOpenSSL 17.5.0 (OpenSSL 1.1.0g  2 Nov 2017), cryptography 2.2, Platform Windows-7-6.1.7601-SP1
2018-06-14 15:56:04 [scrapy.crawler] INFO: Overridden settings: {'BOT_NAME': 'tianyacha', 'DOWNLOAD_DELAY': 3, 'LOG_FILE': 'tianyanchaSpider.log', 'NEWSPIDER_MODULE': 'tianyacha.spiders', 'SPIDER_MODULES': ['tianyacha.spiders'], 'USER_AGENT': ['Mozilla/5.0 (compatible; MSIE 9.0; Windows NT 6.1; Trident/5.0', 'Mozilla/4.0 (compatible; MSIE 8.0; Windows NT 6.0; Trident/4.0)', 'Mozilla/5.0 (Macintosh; Intel Mac OS X 10.6; rv:2.0.1) Gecko/20100101 Firefox/4.0.', 'Mozilla/5.0 (Windows NT 6.1; rv:2.0.1) Gecko/20100101 Firefox/4.0.1', 'Opera/9.80 (Windows NT 6.1; U; en) Presto/2.8.131 Version/11.11', 'Mozilla/4.0 (compatible; MSIE 7.0; Windows NT 5.1; Maxthon 2.0)', 'Mozilla/4.0 (compatible; MSIE 7.0; Windows NT 5.1; Trident/4.0; SE 2.X MetaSr 1.0; SE 2.X MetaSr 1.0; .NET CLR 2.0.50727; SE 2.X MetaSr 1.0)']}
2018-06-14 15:56:04 [scrapy.middleware] INFO: Enabled extensions:
['scrapy.extensions.corestats.CoreStats',
 'scrapy.extensions.telnet.TelnetConsole',
 'scrapy.extensions.logstats.LogStats']
2018-06-14 15:56:04 [scrapy.middleware] INFO: Enabled downloader middlewares:
['tianyacha.middlewares.RandomUserAgent',
 'scrapy.downloadermiddlewares.httpauth.HttpAuthMiddleware',
 'scrapy.downloadermiddlewares.downloadtimeout.DownloadTimeoutMiddleware',
 'scrapy.downloadermiddlewares.defaultheaders.DefaultHeadersMiddleware',
 'scrapy.downloadermiddlewares.useragent.UserAgentMiddleware',
 'scrapy.downloadermiddlewares.retry.RetryMiddleware',
 'scrapy.downloadermiddlewares.redirect.MetaRefreshMiddleware',
 'scrapy.downloadermiddlewares.httpcompression.HttpCompressionMiddleware',
 'scrapy.downloadermiddlewares.redirect.RedirectMiddleware',
 'scrapy.downloadermiddlewares.cookies.CookiesMiddleware',
 'scrapy.downloadermiddlewares.httpproxy.HttpProxyMiddleware',
 'scrapy.downloadermiddlewares.stats.DownloaderStats']
2018-06-14 15:56:04 [scrapy.middleware] INFO: Enabled spider middlewares:
['scrapy.spidermiddlewares.httperror.HttpErrorMiddleware',
 'scrapy.spidermiddlewares.offsite.OffsiteMiddleware',
 'scrapy.spidermiddlewares.referer.RefererMiddleware',
 'scrapy.spidermiddlewares.urllength.UrlLengthMiddleware',
 'scrapy.spidermiddlewares.depth.DepthMiddleware']
2018-06-14 15:56:04 [scrapy.middleware] INFO: Enabled item pipelines:
['tianyacha.pipelines.TianyachaPipeline']
2018-06-14 15:56:04 [scrapy.core.engine] INFO: Spider opened
2018-06-14 15:56:04 [scrapy.extensions.logstats] INFO: Crawled 0 pages (at 0 pages/min), scraped 0 items (at 0 items/min)
2018-06-14 15:56:04 [py.warnings] WARNING: D:\Python\lib\site-packages\scrapy\spidermiddlewares\offsite.py:59: URLWarning: allowed_domains accepts only domains, not URLs. Ignoring URL entry https://bj.tianyancha.com in allowed_domains.
  warnings.warn("allowed_domains accepts only domains, not URLs. Ignoring URL entry %s in allowed_domains." % domain, URLWarning)

2018-06-14 15:56:04 [scrapy.extensions.telnet] DEBUG: Telnet console listening on 127.0.0.1:6023
2018-06-14 15:56:04 [scrapy.core.engine] DEBUG: Crawled (200) <GET http://bj.tianyancha.com/search?key=%E5%AE%9C%E4%BF%A1%E8%87%B4%E8%AF%9A> (referer: None)
2018-06-14 15:56:05 [scrapy.core.engine] INFO: Closing spider (finished)
2018-06-14 15:56:05 [scrapy.statscollectors] INFO: Dumping Scrapy stats:
{'downloader/request_bytes': 369,
 'downloader/request_count': 1,
 'downloader/request_method_count/GET': 1,
 'downloader/response_bytes': 1154,
 'downloader/response_count': 1,
 'downloader/response_status_count/200': 1,
 'finish_reason': 'finished',
 'finish_time': datetime.datetime(2018, 6, 14, 7, 56, 5, 85824),
 'log_count/DEBUG': 2,
 'log_count/INFO': 7,
 'log_count/WARNING': 1,
 'response_received_count': 1,
 'scheduler/dequeued': 1,
 'scheduler/dequeued/memory': 1,
 'scheduler/enqueued': 1,
 'scheduler/enqueued/memory': 1,
 'start_time': datetime.datetime(2018, 6, 14, 7, 56, 4, 803808)}
2018-06-14 15:56:05 [scrapy.core.engine] INFO: Spider closed (finished)
2018-06-14 15:56:47 [scrapy.utils.log] INFO: Scrapy 1.5.0 started (bot: tianyacha)
2018-06-14 15:56:47 [scrapy.utils.log] INFO: Versions: lxml 4.1.1.0, libxml2 2.9.5, cssselect 1.0.1, parsel 1.4.0, w3lib 1.19.0, Twisted 17.9.0, Python 3.6.1 (v3.6.1:69c0db5, Mar 21 2017, 17:54:52) [MSC v.1900 32 bit (Intel)], pyOpenSSL 17.5.0 (OpenSSL 1.1.0g  2 Nov 2017), cryptography 2.2, Platform Windows-7-6.1.7601-SP1
2018-06-14 15:56:47 [scrapy.crawler] INFO: Overridden settings: {'BOT_NAME': 'tianyacha', 'DOWNLOAD_DELAY': 3, 'LOG_FILE': 'tianyanchaSpider.log', 'NEWSPIDER_MODULE': 'tianyacha.spiders', 'SPIDER_MODULES': ['tianyacha.spiders'], 'USER_AGENT': ['Mozilla/5.0 (compatible; MSIE 9.0; Windows NT 6.1; Trident/5.0', 'Mozilla/4.0 (compatible; MSIE 8.0; Windows NT 6.0; Trident/4.0)', 'Mozilla/5.0 (Macintosh; Intel Mac OS X 10.6; rv:2.0.1) Gecko/20100101 Firefox/4.0.', 'Mozilla/5.0 (Windows NT 6.1; rv:2.0.1) Gecko/20100101 Firefox/4.0.1', 'Opera/9.80 (Windows NT 6.1; U; en) Presto/2.8.131 Version/11.11', 'Mozilla/4.0 (compatible; MSIE 7.0; Windows NT 5.1; Maxthon 2.0)', 'Mozilla/4.0 (compatible; MSIE 7.0; Windows NT 5.1; Trident/4.0; SE 2.X MetaSr 1.0; SE 2.X MetaSr 1.0; .NET CLR 2.0.50727; SE 2.X MetaSr 1.0)']}
2018-06-14 15:56:47 [scrapy.middleware] INFO: Enabled extensions:
['scrapy.extensions.corestats.CoreStats',
 'scrapy.extensions.telnet.TelnetConsole',
 'scrapy.extensions.logstats.LogStats']
2018-06-14 15:56:48 [scrapy.middleware] INFO: Enabled downloader middlewares:
['tianyacha.middlewares.RandomUserAgent',
 'scrapy.downloadermiddlewares.httpauth.HttpAuthMiddleware',
 'scrapy.downloadermiddlewares.downloadtimeout.DownloadTimeoutMiddleware',
 'scrapy.downloadermiddlewares.defaultheaders.DefaultHeadersMiddleware',
 'scrapy.downloadermiddlewares.useragent.UserAgentMiddleware',
 'scrapy.downloadermiddlewares.retry.RetryMiddleware',
 'scrapy.downloadermiddlewares.redirect.MetaRefreshMiddleware',
 'scrapy.downloadermiddlewares.httpcompression.HttpCompressionMiddleware',
 'scrapy.downloadermiddlewares.redirect.RedirectMiddleware',
 'scrapy.downloadermiddlewares.cookies.CookiesMiddleware',
 'scrapy.downloadermiddlewares.httpproxy.HttpProxyMiddleware',
 'scrapy.downloadermiddlewares.stats.DownloaderStats']
2018-06-14 15:56:48 [scrapy.middleware] INFO: Enabled spider middlewares:
['scrapy.spidermiddlewares.httperror.HttpErrorMiddleware',
 'scrapy.spidermiddlewares.offsite.OffsiteMiddleware',
 'scrapy.spidermiddlewares.referer.RefererMiddleware',
 'scrapy.spidermiddlewares.urllength.UrlLengthMiddleware',
 'scrapy.spidermiddlewares.depth.DepthMiddleware']
2018-06-14 15:56:48 [scrapy.middleware] INFO: Enabled item pipelines:
['tianyacha.pipelines.TianyachaPipeline']
2018-06-14 15:56:48 [scrapy.core.engine] INFO: Spider opened
2018-06-14 15:56:48 [scrapy.extensions.logstats] INFO: Crawled 0 pages (at 0 pages/min), scraped 0 items (at 0 items/min)
2018-06-14 15:56:48 [py.warnings] WARNING: D:\Python\lib\site-packages\scrapy\spidermiddlewares\offsite.py:59: URLWarning: allowed_domains accepts only domains, not URLs. Ignoring URL entry https://bj.tianyancha.com in allowed_domains.
  warnings.warn("allowed_domains accepts only domains, not URLs. Ignoring URL entry %s in allowed_domains." % domain, URLWarning)

2018-06-14 15:56:48 [scrapy.extensions.telnet] DEBUG: Telnet console listening on 127.0.0.1:6023
2018-06-14 15:56:48 [scrapy.downloadermiddlewares.redirect] DEBUG: Redirecting (301) to <GET https://bj.tianyancha.com/search?key=%E5%AE%9C%E4%BF%A1%E8%87%B4%E8%AF%9A> from <GET http://bj.tianyancha.com/search?key=%E5%AE%9C%E4%BF%A1%E8%87%B4%E8%AF%9A>
2018-06-14 15:56:52 [scrapy.downloadermiddlewares.redirect] DEBUG: Redirecting (302) to <GET https://bj.tianyancha.com/login?from=https%3A%2F%2Fbj.tianyancha.com%2Fsearch%3Fkey%3D%25E5%25AE%259C%25E4%25BF%25A1%25E8%2587%25B4%25E8%25AF%259A> from <GET https://bj.tianyancha.com/search?key=%E5%AE%9C%E4%BF%A1%E8%87%B4%E8%AF%9A>
2018-06-14 15:56:56 [scrapy.core.engine] DEBUG: Crawled (200) <GET https://bj.tianyancha.com/login?from=https%3A%2F%2Fbj.tianyancha.com%2Fsearch%3Fkey%3D%25E5%25AE%259C%25E4%25BF%25A1%25E8%2587%25B4%25E8%25AF%259A> (referer: None)
2018-06-14 15:56:56 [scrapy.core.engine] INFO: Closing spider (finished)
2018-06-14 15:56:56 [scrapy.statscollectors] INFO: Dumping Scrapy stats:
{'downloader/request_bytes': 1150,
 'downloader/request_count': 3,
 'downloader/request_method_count/GET': 3,
 'downloader/response_bytes': 10448,
 'downloader/response_count': 3,
 'downloader/response_status_count/200': 1,
 'downloader/response_status_count/301': 1,
 'downloader/response_status_count/302': 1,
 'finish_reason': 'finished',
 'finish_time': datetime.datetime(2018, 6, 14, 7, 56, 56, 926789),
 'log_count/DEBUG': 4,
 'log_count/INFO': 7,
 'log_count/WARNING': 1,
 'response_received_count': 1,
 'scheduler/dequeued': 3,
 'scheduler/dequeued/memory': 3,
 'scheduler/enqueued': 3,
 'scheduler/enqueued/memory': 3,
 'start_time': datetime.datetime(2018, 6, 14, 7, 56, 48, 707319)}
2018-06-14 15:56:56 [scrapy.core.engine] INFO: Spider closed (finished)
2018-06-14 16:00:43 [scrapy.utils.log] INFO: Scrapy 1.5.0 started (bot: tianyacha)
2018-06-14 16:00:43 [scrapy.utils.log] INFO: Versions: lxml 4.1.1.0, libxml2 2.9.5, cssselect 1.0.1, parsel 1.4.0, w3lib 1.19.0, Twisted 17.9.0, Python 3.6.1 (v3.6.1:69c0db5, Mar 21 2017, 17:54:52) [MSC v.1900 32 bit (Intel)], pyOpenSSL 17.5.0 (OpenSSL 1.1.0g  2 Nov 2017), cryptography 2.2, Platform Windows-7-6.1.7601-SP1
2018-06-14 16:00:43 [scrapy.crawler] INFO: Overridden settings: {'BOT_NAME': 'tianyacha', 'DOWNLOAD_DELAY': 3, 'LOG_FILE': 'tianyanchaSpider.log', 'NEWSPIDER_MODULE': 'tianyacha.spiders', 'SPIDER_MODULES': ['tianyacha.spiders'], 'USER_AGENT': ['Mozilla/5.0 (compatible; MSIE 9.0; Windows NT 6.1; Trident/5.0', 'Mozilla/4.0 (compatible; MSIE 8.0; Windows NT 6.0; Trident/4.0)', 'Mozilla/5.0 (Macintosh; Intel Mac OS X 10.6; rv:2.0.1) Gecko/20100101 Firefox/4.0.', 'Mozilla/5.0 (Windows NT 6.1; rv:2.0.1) Gecko/20100101 Firefox/4.0.1', 'Opera/9.80 (Windows NT 6.1; U; en) Presto/2.8.131 Version/11.11', 'Mozilla/4.0 (compatible; MSIE 7.0; Windows NT 5.1; Maxthon 2.0)', 'Mozilla/4.0 (compatible; MSIE 7.0; Windows NT 5.1; Trident/4.0; SE 2.X MetaSr 1.0; SE 2.X MetaSr 1.0; .NET CLR 2.0.50727; SE 2.X MetaSr 1.0)']}
2018-06-14 16:00:43 [scrapy.middleware] INFO: Enabled extensions:
['scrapy.extensions.corestats.CoreStats',
 'scrapy.extensions.telnet.TelnetConsole',
 'scrapy.extensions.logstats.LogStats']
2018-06-14 16:00:44 [scrapy.middleware] INFO: Enabled downloader middlewares:
['tianyacha.middlewares.RandomUserAgent',
 'scrapy.downloadermiddlewares.httpauth.HttpAuthMiddleware',
 'scrapy.downloadermiddlewares.downloadtimeout.DownloadTimeoutMiddleware',
 'scrapy.downloadermiddlewares.defaultheaders.DefaultHeadersMiddleware',
 'scrapy.downloadermiddlewares.useragent.UserAgentMiddleware',
 'scrapy.downloadermiddlewares.retry.RetryMiddleware',
 'scrapy.downloadermiddlewares.redirect.MetaRefreshMiddleware',
 'scrapy.downloadermiddlewares.httpcompression.HttpCompressionMiddleware',
 'scrapy.downloadermiddlewares.redirect.RedirectMiddleware',
 'scrapy.downloadermiddlewares.cookies.CookiesMiddleware',
 'scrapy.downloadermiddlewares.httpproxy.HttpProxyMiddleware',
 'scrapy.downloadermiddlewares.stats.DownloaderStats']
2018-06-14 16:00:44 [scrapy.middleware] INFO: Enabled spider middlewares:
['scrapy.spidermiddlewares.httperror.HttpErrorMiddleware',
 'scrapy.spidermiddlewares.offsite.OffsiteMiddleware',
 'scrapy.spidermiddlewares.referer.RefererMiddleware',
 'scrapy.spidermiddlewares.urllength.UrlLengthMiddleware',
 'scrapy.spidermiddlewares.depth.DepthMiddleware']
2018-06-14 16:00:44 [scrapy.middleware] INFO: Enabled item pipelines:
['tianyacha.pipelines.TianyachaPipeline']
2018-06-14 16:00:44 [scrapy.core.engine] INFO: Spider opened
2018-06-14 16:00:44 [scrapy.extensions.logstats] INFO: Crawled 0 pages (at 0 pages/min), scraped 0 items (at 0 items/min)
2018-06-14 16:00:44 [py.warnings] WARNING: D:\Python\lib\site-packages\scrapy\spidermiddlewares\offsite.py:59: URLWarning: allowed_domains accepts only domains, not URLs. Ignoring URL entry https://bj.tianyancha.com in allowed_domains.
  warnings.warn("allowed_domains accepts only domains, not URLs. Ignoring URL entry %s in allowed_domains." % domain, URLWarning)

2018-06-14 16:00:44 [scrapy.extensions.telnet] DEBUG: Telnet console listening on 127.0.0.1:6023
2018-06-14 16:00:44 [scrapy.core.engine] DEBUG: Crawled (200) <GET http://bj.tianyancha.com/search?key=%E5%AE%9C%E4%BF%A1%E8%87%B4%E8%AF%9A> (referer: None)
2018-06-14 16:00:44 [scrapy.core.engine] INFO: Closing spider (finished)
2018-06-14 16:00:44 [scrapy.statscollectors] INFO: Dumping Scrapy stats:
{'downloader/request_bytes': 291,
 'downloader/request_count': 1,
 'downloader/request_method_count/GET': 1,
 'downloader/response_bytes': 1154,
 'downloader/response_count': 1,
 'downloader/response_status_count/200': 1,
 'finish_reason': 'finished',
 'finish_time': datetime.datetime(2018, 6, 14, 8, 0, 44, 791822),
 'log_count/DEBUG': 2,
 'log_count/INFO': 7,
 'log_count/WARNING': 1,
 'response_received_count': 1,
 'scheduler/dequeued': 1,
 'scheduler/dequeued/memory': 1,
 'scheduler/enqueued': 1,
 'scheduler/enqueued/memory': 1,
 'start_time': datetime.datetime(2018, 6, 14, 8, 0, 44, 416801)}
2018-06-14 16:00:44 [scrapy.core.engine] INFO: Spider closed (finished)
